[04:13:29] [main/INFO]: Setting user: Player938
[04:13:50] [main/WARN]: Skipping bad option: lastServer:
[04:13:50] [main/INFO]: LWJGL Version: 2.9.4
[04:14:08] [main/INFO]: Reloading ResourceManager: Default, FMLFileResourcePack:Forge Mod Loader, FMLFileResourcePack:Minecraft Forge, FMLFileResourcePack:Tamriel Alive, FMLFileResourcePack:Example Mod
[04:15:01] [Sound Library Loader/INFO]: Starting up SoundSystem...
[04:15:01] [Thread-5/INFO]: Initializing LWJGL OpenAL
[04:15:01] [Thread-5/INFO]: (The LWJGL binding of OpenAL.  For more information, see http://www.lwjgl.org)
[04:15:01] [Thread-5/INFO]: OpenAL initialized.
[04:15:01] [Sound Library Loader/INFO]: Sound engine started
[04:15:34] [main/INFO]: Created: 512x512 textures-atlas
[04:15:44] [main/INFO]: [STDOUT]: DIRT BLOCK >> tile.dirt
[04:15:44] [main/WARN]: Skipping bad option: lastServer:
[04:15:45] [main/INFO]: Narrator library for x64 successfully loaded
[04:15:47] [Realms Notification Availability checker #1/INFO]: Could not authorize you against Realms server: Invalid session id
[04:16:10] [Server thread/INFO]: Starting integrated minecraft server version 1.12
[04:16:10] [Server thread/INFO]: Generating keypair
[04:16:15] [Server thread/INFO]: Loaded 488 advancements
[04:16:19] [Server thread/INFO]: Preparing start region for level 0
[04:16:20] [Server thread/INFO]: Preparing spawn area: 90%
[04:16:20] [Server thread/INFO]: Changing view distance to 12, from 10
[04:16:26] [Server thread/INFO]: Player938[local:E:4b9a97a0] logged in with entity id 0 at (-72.5, 4.0, -2136.5)
[04:16:26] [Server thread/INFO]: Player938 joined the game
[04:16:29] [Server thread/INFO]: Saving and pausing game...
[04:16:29] [Server thread/INFO]: Saving chunks for level 'New World'/overworld
[04:16:30] [Server thread/INFO]: Saving chunks for level 'New World'/the_nether
[04:16:30] [Server thread/INFO]: Saving chunks for level 'New World'/the_end
[04:16:31] [Server thread/WARN]: Can't keep up! Did the system time change, or is the server overloaded? Running 4455ms behind, skipping 89 tick(s)
[04:16:31] [Server thread/INFO]: Saving and pausing game...
[04:16:31] [Server thread/INFO]: Saving chunks for level 'New World'/overworld
[04:16:31] [pool-2-thread-1/WARN]: Couldn't look up profile properties for com.mojang.authlib.GameProfile@426c6c06[id=7d36885a-8062-3bf0-bbc7-0ea5700f9d67,name=Player938,properties={},legacy=false]
com.mojang.authlib.exceptions.AuthenticationException: The client has sent too many requests within a certain amount of time
	at com.mojang.authlib.yggdrasil.YggdrasilAuthenticationService.makeRequest(YggdrasilAuthenticationService.java:79) ~[YggdrasilAuthenticationService.class:?]
	at com.mojang.authlib.yggdrasil.YggdrasilMinecraftSessionService.fillGameProfile(YggdrasilMinecraftSessionService.java:180) [YggdrasilMinecraftSessionService.class:?]
	at com.mojang.authlib.yggdrasil.YggdrasilMinecraftSessionService$1.load(YggdrasilMinecraftSessionService.java:60) [YggdrasilMinecraftSessionService$1.class:?]
	at com.mojang.authlib.yggdrasil.YggdrasilMinecraftSessionService$1.load(YggdrasilMinecraftSessionService.java:57) [YggdrasilMinecraftSessionService$1.class:?]
	at com.google.common.cache.LocalCache$LoadingValueReference.loadFuture(LocalCache.java:3716) [guava-21.0.jar:?]
	at com.google.common.cache.LocalCache$Segment.loadSync(LocalCache.java:2424) [guava-21.0.jar:?]
	at com.google.common.cache.LocalCache$Segment.lockedGetOrLoad(LocalCache.java:2298) [guava-21.0.jar:?]
	at com.google.common.cache.LocalCache$Segment.get(LocalCache.java:2211) [guava-21.0.jar:?]
	at com.google.common.cache.LocalCache.get(LocalCache.java:4154) [guava-21.0.jar:?]
	at com.google.common.cache.LocalCache.getOrLoad(LocalCache.java:4158) [guava-21.0.jar:?]
	at com.google.common.cache.LocalCache$LocalLoadingCache.get(LocalCache.java:5147) [guava-21.0.jar:?]
	at com.google.common.cache.LocalCache$LocalLoadingCache.getUnchecked(LocalCache.java:5153) [guava-21.0.jar:?]
	at com.mojang.authlib.yggdrasil.YggdrasilMinecraftSessionService.fillProfileProperties(YggdrasilMinecraftSessionService.java:170) [YggdrasilMinecraftSessionService.class:?]
	at net.minecraft.client.Minecraft.getProfileProperties(Minecraft.java:3154) [Minecraft.class:?]
	at net.minecraft.client.resources.SkinManager$3.run(SkinManager.java:138) [SkinManager$3.class:?]
	at java.util.concurrent.Executors$RunnableAdapter.call(Executors.java:511) [?:1.8.0_161]
	at java.util.concurrent.FutureTask.run(FutureTask.java:266) [?:1.8.0_161]
	at java.util.concurrent.ThreadPoolExecutor.runWorker(ThreadPoolExecutor.java:1149) [?:1.8.0_161]
	at java.util.concurrent.ThreadPoolExecutor$Worker.run(ThreadPoolExecutor.java:624) [?:1.8.0_161]
	at java.lang.Thread.run(Thread.java:748) [?:1.8.0_161]
[04:16:32] [Server thread/INFO]: Saving chunks for level 'New World'/the_nether
[04:16:32] [Server thread/INFO]: Saving chunks for level 'New World'/the_end
[04:17:12] [Server thread/INFO]: Saving and pausing game...
[04:17:12] [Server thread/INFO]: Saving chunks for level 'New World'/overworld
[04:17:12] [Server thread/INFO]: Saving chunks for level 'New World'/the_nether
[04:17:12] [Server thread/INFO]: Saving chunks for level 'New World'/the_end
[04:17:12] [Server thread/INFO]: Stopping server
[04:17:12] [Server thread/INFO]: Saving players
[04:17:12] [Server thread/INFO]: Player938 lost connection: Disconnected
[04:17:12] [Server thread/INFO]: Player938 left the game
[04:17:12] [Server thread/INFO]: Stopping singleplayer server as player logged out
[04:17:12] [Server thread/INFO]: Saving worlds
[04:17:12] [Server thread/INFO]: Saving chunks for level 'New World'/overworld
[04:17:13] [Server thread/INFO]: Saving chunks for level 'New World'/the_nether
[04:17:13] [Server thread/INFO]: Saving chunks for level 'New World'/the_end
[04:17:21] [main/INFO]: Stopping!
[04:17:21] [main/INFO]: SoundSystem shutting down...
[04:17:21] [main/WARN]: Author: Paul Lamb, www.paulscode.com
